2023-1-29 19:40:57,921 - root - INFO - PROJECT FILE 2 STARTS RUNNING!
2023-1-29 19:40:58,192 - numexpr.utils - INFO - NumExpr defaulting to 2 threads.
2023-1-29 19:40:58,431 - matplotlib.pyplot - DEBUG - Loaded backend module://ipykernel.pylab.backend_inline version unknown.
2023-1-29 19:40:59,286 - root - INFO - LIBRARIES IMPORTED
2023-1-29 19:40:59,521 - root - INFO - DATA IMPORTED AND EXTRACTED TO DATAFRAME!
22023-1-29 19:41:38,708 - root - INFO - FEATURE ENGINEERING STARTS!
202023-1-29 19:41:40,299 - root - INFO - HANDLING IMBALANCED DATA STARTS!
22023-1-29 19:41:42,019 - root - INFO - HANDLING IMBALANCED DATA ENDS!
2023-1-29 19:41:42,155 - root - INFO - ENCODING CATEGORICAL VARIABLE STARTS!
2023-1-29 19:41:42,292 - root - INFO - ENCODING CATEGORICAL VARIABLE ENDS!
 
 TEST RECALL SCORE=0.8421835490108582
2023-1-29 19:42:38,604 - root - INFO - FEATURE SELECTION STARTS!
2023-1-29 19:42:40,266 - root - INFO - FEATURE SELECTION ENDS!
2023-1-29 19:42:56,759 - root - INFO - MODEL-2 RUNNING!
2023-1-29 19:42:57,477 - root - INFO - TRAIN TEST SPLIT OCCURED!
2023-1-29 19:43:10,230 - root - INFO - MODEL-2 FITTED ON TRAINING DATA!
2023-1-29 19:43:11,495 - root - INFO - PREDICTED ON BOTH TRAIN AND TEST DATA
2023-1-29 19:43:11,540 - root - INFO - EVALUATION METRICS CALCULATED
2022-10-27 19:43:12,562 - root - INFO - TRAIN RECALL SCORE=0.9979118702147026 
 TEST RECALL SCORE=0.863882618510158
2023-1-29 19:43:23,860 - root - INFO - FEATURE ENGINEERING : FEATURE CREATION BILL_AMT_AVG, STARTS!
2022-10-27 19:43:24,537 - root - INFO - FEATURE ENGINEERING : FEATURE CREATION BILL_AMT_AVG, ENDS! 
 TEST RECALL SCORE=0.8674807779285392
2022-10-27 19:44:08,130 - root - INFO - FEATURE ENGINEERING : FEATURE CREATION BILL_PAY_VALUE, STARTS!
2022-10-27 19:44:08,610 - root - INFO - FEATURE ENGINEERING : FEATURE CREATION BILL_AMT_AVG, ENDS!
2023-1-29 19:44:20,693 - root - INFO - MODEL-4 RUNNING!
2023-1-29 19:44:36,805 - root - INFO - MODEL-4 FITTED ON TRAINING DATA!
2023-1-29 19:44:37,998 - root - INFO - PREDICTED ON BOTH TRAIN AND TEST DATA
2023-1-29 19:44:38,067 - root - INFO - EVALUATION METRICS CALCULATED
2023-1-29 19:44:38,146 - root - INFO - TRAIN RECALL SCORE=0.9977518466973557 
 TEST RECALL SCORE=0.8645409317051108
2023-1-29 19:44:54,132 - root - INFO - SAVING THE MODEL....
2023-1-29 19:44:54,998 - root - INFO - MODEL SAVED!
2023-1-29 19:45:04,543 - root - INFO - PROJECT RUNNING ENDS!